<?xml version="1.0" encoding="UTF-8"?>
<!-- Generated by org.testng.reporters.JUnitReportReporter -->
<testsuite hostname="MATIURs-MacBook-Pro.local" failures="0" tests="3" name="com.google.runner.TestRunner" time="9.195" errors="0" timestamp="27 Nov 2022 17:47:49 GMT" skipped="0">
  <testcase classname="com.google.runner.TestRunner" name="runScenario" time="2.834"/>
  <testcase classname="com.google.runner.TestRunner" name="runScenario" time="3.857"/>
  <testcase classname="com.google.runner.TestRunner" name="runScenario" time="2.504"/>
</testsuite> <!-- com.google.runner.TestRunner -->
